2018-08-29-main-ERROR-root      :Validation unsuccessful
2018-08-29-main-ERROR-root      :Validation unsuccessful
2018-08-29-main-INFO -root      :Validation successful
2018-08-29-main-INFO -root      :DB CONNECTION ESTABLISHED
2018-08-29-main-ERROR-root      :Enquiry not added
2018-08-29-main-INFO -root      :Validation successful
2018-08-29-main-INFO -root      :DB CONNECTION ESTABLISHED
2018-08-29-main-ERROR-root      :Enquiry not added
2018-08-29-main-INFO -root      :Validation successful
2018-08-29-main-INFO -root      :DB CONNECTION ESTABLISHED
2018-08-29-main-ERROR-root      :Enquiry not added
2018-08-29-main-ERROR-root      :Validation unsuccessful
2018-08-29-main-ERROR-root      :Validation unsuccessful
2018-08-29-main-INFO -root      :Validation successful
2018-08-29-main-INFO -root      :DB CONNECTION ESTABLISHED
2018-08-29-main-ERROR-root      :Enquiry not added
2018-08-29-main-INFO -root      :Validation successful
2018-08-29-main-INFO -root      :DB CONNECTION ESTABLISHED
2018-08-29-main-ERROR-root      :Enquiry not added
2018-08-29-main-INFO -root      :Validation successful
2018-08-29-main-INFO -root      :DB CONNECTION ESTABLISHED
2018-08-29-main-INFO -root      :Enquiry is added
2018-08-29-main-INFO -root      :Validation successful
2018-08-29-main-INFO -root      :DB CONNECTION ESTABLISHED
2018-08-29-main-INFO -root      :Enquiry is added
2018-08-29-main-ERROR-root      :Validation unsuccessful
2018-08-29-main-INFO -root      :Validation successful
2018-08-29-main-INFO -root      :DB CONNECTION ESTABLISHED
2018-08-29-main-INFO -root      :Enquiry is added
2018-08-29-main-ERROR-root      :Validation unsuccessful
2018-08-29-main-ERROR-root      :Validation unsuccessful
2018-08-29-main-ERROR-root      :Validation unsuccessful
2018-08-29-main-INFO -root      :Validation successful
2018-08-29-main-INFO -root      :DB CONNECTION ESTABLISHED
2018-08-29-main-INFO -root      :Enquiry is added
2018-08-29-main-ERROR-root      :Validation unsuccessful
2018-08-29-main-INFO -root      :Validation successful
2018-08-29-main-INFO -root      :DB CONNECTION ESTABLISHED
2018-08-29-main-INFO -root      :Enquiry is added
2018-08-29-main-ERROR-root      :Validation unsuccessful
2018-08-29-main-INFO -root      :Validation successful
2018-08-29-main-INFO -root      :DB CONNECTION ESTABLISHED
2018-08-29-main-INFO -root      :Enquiry is added
2018-08-29-main-INFO -root      :Validation successful
2018-08-29-main-INFO -root      :DB CONNECTION ESTABLISHED
2018-08-29-main-INFO -root      :Enquiry is added
2018-08-30-main-INFO -root      :DB CONNECTION ESTABLISHED
2018-08-30-main-INFO -root      :DB CONNECTION ESTABLISHED
2018-09-08-main-INFO -root      :Validation successful
2018-09-08-main-INFO -root      :DB CONNECTION ESTABLISHED
2018-09-08-main-INFO -root      :Enquiry is added
2018-09-08-main-INFO -root      :DB CONNECTION ESTABLISHED
2018-09-08-main-INFO -root      :DB CONNECTION ESTABLISHED
2018-09-08-main-ERROR-root      :Validation unsuccessful
2018-09-08-main-ERROR-root      :Validation unsuccessful
2018-09-08-main-INFO -root      :Validation successful
2018-09-08-main-INFO -root      :DB CONNECTION ESTABLISHED
2018-09-08-main-INFO -root      :Enquiry is added
2018-09-08-main-INFO -root      :DB CONNECTION ESTABLISHED
2018-09-08-main-INFO -root      :Validation successful
2018-09-08-main-INFO -root      :DB CONNECTION ESTABLISHED
2018-09-08-main-INFO -root      :Enquiry is added
2018-09-08-main-ERROR-root      :Validation unsuccessful
2018-09-08-main-INFO -root      :Validation successful
2018-09-08-main-INFO -root      :DB CONNECTION ESTABLISHED
2018-09-08-main-INFO -root      :Enquiry is added
2018-09-08-main-ERROR-root      :Validation unsuccessful
2018-09-08-main-INFO -root      :Validation successful
2018-09-08-main-INFO -root      :Validation successful
2018-09-08-main-INFO -root      :DB CONNECTION ESTABLISHED
2018-09-08-main-INFO -root      :Enquiry is added
2018-09-08-main-INFO -root      :Validation successful
2018-09-08-main-INFO -root      :DB CONNECTION ESTABLISHED
2018-09-08-main-INFO -root      :Enquiry is added
2018-09-08-main-ERROR-root      :Validation unsuccessful
2018-09-08-main-ERROR-root      :Validation unsuccessful
2018-09-08-main-INFO -root      :Validation successful
2018-09-08-main-INFO -root      :DB CONNECTION ESTABLISHED
2018-09-08-main-INFO -root      :Enquiry is added
2018-09-08-main-INFO -root      :Validation successful
2018-09-08-main-INFO -root      :DB CONNECTION ESTABLISHED
2018-09-08-main-INFO -root      :Enquiry is added
2018-09-08-main-INFO -root      :DB CONNECTION ESTABLISHED
